15 REVERT
stack:  [callvalue]
memory: [0, 0, 0, 0, 0, 0, 0, 0, 0, 0, 0, 0, 0, 0, 0, 0, 0, 0, 0, 0, 0, 0, 0, 0, 0, 0, 0, 0, 0, 0, 0, 0, 0, 0, 0, 0, 0, 0, 0, 0, 0, 0, 0, 0, 0, 0, 0, 0, 0, 0, 0, 0, 0, 0, 0, 0, 0, 0, 0, 0, 0, 0, 0, 0, 0, 0, 0, 0, 0, 0, 0, 0, 0, 0, 0, 0, 0, 0, 0, 0, 0, 0, 0, 0, 0, 0, 0, 0, 0, 0, 0, 0, 0, 0, 0, 128]
storage: storage
path: [Extract(255, 224, calldataload(0)) == 2343373834,
 Not(callvalue == 0)]
output: None
log: []

942 REVERT
stack:  [0, caller, 1, 277, 0, caller, 398, 203, Concat(0, Extract(255, 224, calldataload(0)))]
memory: [0, 0, 0, 0, 0, 0, 0, 0, 0, 0, 0, 0, 0, 0, 0, 0, 0, 0, 0, 0, 0, 0, 0, 0, 0, 0, 0, 0, 0, 0, 0, 0, 0, 0, 0, 0, 0, 0, 0, 0, 0, 0, 0, 0, 0, 0, 0, 0, 0, 0, 0, 0, 0, 0, 0, 0, 0, 0, 0, 0, 0, 0, 0, 0, 0, 0, 0, 0, 0, 0, 0, 0, 0, 0, 0, 0, 0, 0, 0, 0, 0, 0, 0, 0, 0, 0, 0, 0, 0, 0, 0, 0, 0, 0, 0, 128, 0, 0, 0, 0, 0, 0, 0, 0, 0, 0, 0, 0, 0, 0, 0, 0, 0, 0, 0, 0, 0, 0, 0, 0, 0, 0, 0, 0, 0, 0, 0, 0, 8, 195, 121, 160, 0, 0, 0, 0, 0, 0, 0, 0, 0, 0, 0, 0, 0, 0, 0, 0, 0, 0, 0, 0, 0, 0, 0, 0, 0, 0, 0, 0, 0, 0, 0, 32, 0, 0, 0, 0, 0, 0, 0, 0, 0, 0, 0, 0, 0, 0, 0, 0, 0, 0, 0, 0, 0, 0, 0, 0, 0, 0, 0, 0, 0, 0, 0, 34, 82, 111, 108, 101, 115, 58, 32, 97, 99, 99, 111, 117, 110, 116, 32, 105, 115, 32, 116, 104, 101, 32, 122, 101, 114, 111, 32, 97, 100, 100, 114, 101, 115, 115, 0, 0, 0, 0, 0, 0, 0, 0, 0, 0, 0, 0, 0, 0, 0, 0, 0, 0, 0, 0, 0, 0, 0, 0, 0, 0]
storage: storage
path: [Extract(255, 224, calldataload(0)) == 2343373834,
 callvalue == 0,
 ULE(4, calldatasize),
 Not(Extract(255, 224, calldataload(0)) == 618102892),
 Not(Extract(255, 224, calldataload(0)) == 1883767413),
 Extract(255, 224, calldataload(0)) == 2343373834,
 Extract(159, 0, caller) == 0]
output: 6153991365495612155900636027672374423590526649800347271880663691463480803109403913816294060733134321992250056305029703065083882690465907441524573253073635884337765034959692637442076204411687282783307650146726821334308756607117585159734937607332211255237793410295637841860327535259932871721701064550362644480
log: []

482 REVERT
stack:  [203, Concat(0, Extract(255, 224, calldataload(0)))]
memory: [0, 0, 0, 0, 0, 0, 0, 0, 0, 0, 0, 0, Extract(159, 152, caller), Extract(151, 144, caller), Extract(143, 136, caller), Extract(135, 128, caller), Extract(127, 120, caller), Extract(119, 112, caller), Extract(111, 104, caller), Extract(103, 96, caller), Extract(95, 88, caller), Extract(87, 80, caller), Extract(79, 72, caller), Extract(71, 64, caller), Extract(63, 56, caller), Extract(55, 48, caller), Extract(47, 40, caller), Extract(39, 32, caller), Extract(31, 24, caller), Extract(23, 16, caller), Extract(15, 8, caller), Extract(7, 0, caller), 0, 0, 0, 0, 0, 0, 0, 0, 0, 0, 0, 0, 0, 0, 0, 0, 0, 0, 0, 0, 0, 0, 0, 0, 0, 0, 0, 0, 0, 0, 0, 1, 0, 0, 0, 0, 0, 0, 0, 0, 0, 0, 0, 0, 0, 0, 0, 0, 0, 0, 0, 0, 0, 0, 0, 0, 0, 0, 0, 0, 0, 0, 0, 128, 0, 0, 0, 0, 0, 0, 0, 0, 0, 0, 0, 0, 0, 0, 0, 0, 0, 0, 0, 0, 0, 0, 0, 0, 0, 0, 0, 0, 0, 0, 0, 0, 8, 195, 121, 160, 0, 0, 0, 0, 0, 0, 0, 0, 0, 0, 0, 0, 0, 0, 0, 0, 0, 0, 0, 0, 0, 0, 0, 0, 0, 0, 0, 0, 0, 0, 0, 32, 0, 0, 0, 0, 0, 0, 0, 0, 0, 0, 0, 0, 0, 0, 0, 0, 0, 0, 0, 0, 0, 0, 0, 0, 0, 0, 0, 0, 0, 0, 0, 42, 65, 100, 109, 105, 110, 115, 58, 32, 99, 97, 108, 108, 101, 114, 32, 100, 111, 101, 115, 32, 110, 111, 116, 32, 104, 97, 118, 101, 32, 97, 110, 32, 97, 100, 109, 105, 110, 32, 114, 111, 108, 101, 0, 0, 0, 0, 0, 0, 0, 0, 0, 0, 0, 0, 0, 0, 0, 0, 0, 0]
storage: storage
path: [Extract(255, 224, calldataload(0)) == 2343373834,
 callvalue == 0,
 ULE(4, calldatasize),
 Not(Extract(255, 224, calldataload(0)) == 618102892),
 Not(Extract(255, 224, calldataload(0)) == 1883767413),
 Extract(255, 224, calldataload(0)) == 2343373834,
 Not(Extract(159, 0, caller) == 0),
 Extract(7,
         0,
         storage[sha3_512(Concat(0,
                           Extract(159, 0, caller),
                           1))]) ==
 0]
output: 6153991365495612155900636027672374423590526649800347271880663691463480803109403913816294060733134321992250056305029703065083882690465907441524573253073635884337789801120694331474294428275126577281120898421477843187100494069311160151966458385493822261728827949207528002128323119816694523883571453851684831232
log: []

204 STOP
stack:  [Concat(0, Extract(255, 224, calldataload(0)))]
memory: [0, 0, 0, 0, 0, 0, 0, 0, 0, 0, 0, 0, Extract(159, 152, caller), Extract(151, 144, caller), Extract(143, 136, caller), Extract(135, 128, caller), Extract(127, 120, caller), Extract(119, 112, caller), Extract(111, 104, caller), Extract(103, 96, caller), Extract(95, 88, caller), Extract(87, 80, caller), Extract(79, 72, caller), Extract(71, 64, caller), Extract(63, 56, caller), Extract(55, 48, caller), Extract(47, 40, caller), Extract(39, 32, caller), Extract(31, 24, caller), Extract(23, 16, caller), Extract(15, 8, caller), Extract(7, 0, caller), 0, 0, 0, 0, 0, 0, 0, 0, 0, 0, 0, 0, 0, 0, 0, 0, 0, 0, 0, 0, 0, 0, 0, 0, 0, 0, 0, 0, 0, 0, 0, 1, 0, 0, 0, 0, 0, 0, 0, 0, 0, 0, 0, 0, 0, 0, 0, 0, 0, 0, 0, 0, 0, 0, 0, 0, 0, 0, 0, 0, 0, 0, 0, 128, 0, 0, 0, 0, 0, 0, 0, 0, 0, 0, 0, 0, 0, 0, 0, 0, 0, 0, 0, 0, 0, 0, 0, 0, 0, 0, 0, 0, 0, 0, 0, 0, Extract(255, 248, caller), Extract(247, 240, caller), Extract(239, 232, caller), Extract(231, 224, caller), Extract(223, 216, caller), Extract(215, 208, caller), Extract(207, 200, caller), Extract(199, 192, caller), Extract(191, 184, caller), Extract(183, 176, caller), Extract(175, 168, caller), Extract(167, 160, caller), Extract(159, 152, caller), Extract(151, 144, caller), Extract(143, 136, caller), Extract(135, 128, caller), Extract(127, 120, caller), Extract(119, 112, caller), Extract(111, 104, caller), Extract(103, 96, caller), Extract(95, 88, caller), Extract(87, 80, caller), Extract(79, 72, caller), Extract(71, 64, caller), Extract(63, 56, caller), Extract(55, 48, caller), Extract(47, 40, caller), Extract(39, 32, caller), Extract(31, 24, caller), Extract(23, 16, caller), Extract(15, 8, caller), Extract(7, 0, caller)]
storage: Store(storage,
      sha3_512(Concat(0, Extract(159, 0, caller), 1)),
      Concat(Extract(255,
                     8,
                     storage[sha3_512(Concat(0,
                                       Extract(159,
                                        0,
                                        caller),
                                       1))]),
             0))
path: [Extract(255, 224, calldataload(0)) == 2343373834,
 callvalue == 0,
 ULE(4, calldatasize),
 Not(Extract(255, 224, calldataload(0)) == 618102892),
 Not(Extract(255, 224, calldataload(0)) == 1883767413),
 Extract(255, 224, calldataload(0)) == 2343373834,
 Not(Extract(159, 0, caller) == 0),
 Not(Extract(7,
             0,
             storage[sha3_512(Concat(0,
                               Extract(159, 0, caller),
                               1))]) ==
     0),
 Not(Extract(159, 0, caller) == 0),
 Not(Extract(7,
             0,
             storage[sha3_512(Concat(0,
                               Extract(159, 0, caller),
                               1))]) ==
     0)]
output: None
log: [([74048862527586156830820089191827590933453232803654984106782489697808639593487], caller)]

80 REVERT
stack:  []
memory: [0, 0, 0, 0, 0, 0, 0, 0, 0, 0, 0, 0, 0, 0, 0, 0, 0, 0, 0, 0, 0, 0, 0, 0, 0, 0, 0, 0, 0, 0, 0, 0, 0, 0, 0, 0, 0, 0, 0, 0, 0, 0, 0, 0, 0, 0, 0, 0, 0, 0, 0, 0, 0, 0, 0, 0, 0, 0, 0, 0, 0, 0, 0, 0, 0, 0, 0, 0, 0, 0, 0, 0, 0, 0, 0, 0, 0, 0, 0, 0, 0, 0, 0, 0, 0, 0, 0, 0, 0, 0, 0, 0, 0, 0, 0, 128]
storage: storage
path: [Extract(255, 224, calldataload(0)) == 2343373834,
 callvalue == 0,
 Not(ULE(4, calldatasize))]
output: None
log: []

