15 REVERT
stack:  [callvalue]
memory: [0, 0, 0, 0, 0, 0, 0, 0, 0, 0, 0, 0, 0, 0, 0, 0, 0, 0, 0, 0, 0, 0, 0, 0, 0, 0, 0, 0, 0, 0, 0, 0, 0, 0, 0, 0, 0, 0, 0, 0, 0, 0, 0, 0, 0, 0, 0, 0, 0, 0, 0, 0, 0, 0, 0, 0, 0, 0, 0, 0, 0, 0, 0, 0, 0, 0, 0, 0, 0, 0, 0, 0, 0, 0, 0, 0, 0, 0, 0, 0, 0, 0, 0, 0, 0, 0, 0, 0, 0, 0, 0, 0, 0, 0, 0, 128]
storage: storage
path: [Extract(255, 224, calldataload(0)) == 1883767413,
 Not(callvalue == 0)]
output: None
log: []

173 REVERT
stack:  [115792089237316195423570985008687907853269984665640564039457584007913129639932 +
calldatasize, 4, 203, Concat(0, Extract(255, 224, calldataload(0)))]
memory: [0, 0, 0, 0, 0, 0, 0, 0, 0, 0, 0, 0, 0, 0, 0, 0, 0, 0, 0, 0, 0, 0, 0, 0, 0, 0, 0, 0, 0, 0, 0, 0, 0, 0, 0, 0, 0, 0, 0, 0, 0, 0, 0, 0, 0, 0, 0, 0, 0, 0, 0, 0, 0, 0, 0, 0, 0, 0, 0, 0, 0, 0, 0, 0, 0, 0, 0, 0, 0, 0, 0, 0, 0, 0, 0, 0, 0, 0, 0, 0, 0, 0, 0, 0, 0, 0, 0, 0, 0, 0, 0, 0, 0, 0, 0, 128]
storage: storage
path: [Extract(255, 224, calldataload(0)) == 1883767413,
 callvalue == 0,
 ULE(4, calldatasize),
 Not(Extract(255, 224, calldataload(0)) == 618102892),
 Extract(255, 224, calldataload(0)) == 1883767413,
 Not(Or(ULE(36, calldatasize),
        Extract(255, 2, calldatasize) == 0))]
output: None
log: []

942 REVERT
stack:  [0, caller, 1, 277, 0, caller, 292, Concat(0, Extract(159, 0, calldataload(4))), 203, Concat(0, Extract(255, 224, calldataload(0)))]
memory: [0, 0, 0, 0, 0, 0, 0, 0, 0, 0, 0, 0, 0, 0, 0, 0, 0, 0, 0, 0, 0, 0, 0, 0, 0, 0, 0, 0, 0, 0, 0, 0, 0, 0, 0, 0, 0, 0, 0, 0, 0, 0, 0, 0, 0, 0, 0, 0, 0, 0, 0, 0, 0, 0, 0, 0, 0, 0, 0, 0, 0, 0, 0, 0, 0, 0, 0, 0, 0, 0, 0, 0, 0, 0, 0, 0, 0, 0, 0, 0, 0, 0, 0, 0, 0, 0, 0, 0, 0, 0, 0, 0, 0, 0, 0, 128, 0, 0, 0, 0, 0, 0, 0, 0, 0, 0, 0, 0, 0, 0, 0, 0, 0, 0, 0, 0, 0, 0, 0, 0, 0, 0, 0, 0, 0, 0, 0, 0, 8, 195, 121, 160, 0, 0, 0, 0, 0, 0, 0, 0, 0, 0, 0, 0, 0, 0, 0, 0, 0, 0, 0, 0, 0, 0, 0, 0, 0, 0, 0, 0, 0, 0, 0, 32, 0, 0, 0, 0, 0, 0, 0, 0, 0, 0, 0, 0, 0, 0, 0, 0, 0, 0, 0, 0, 0, 0, 0, 0, 0, 0, 0, 0, 0, 0, 0, 34, 82, 111, 108, 101, 115, 58, 32, 97, 99, 99, 111, 117, 110, 116, 32, 105, 115, 32, 116, 104, 101, 32, 122, 101, 114, 111, 32, 97, 100, 100, 114, 101, 115, 115, 0, 0, 0, 0, 0, 0, 0, 0, 0, 0, 0, 0, 0, 0, 0, 0, 0, 0, 0, 0, 0, 0, 0, 0, 0, 0]
storage: storage
path: [Extract(255, 224, calldataload(0)) == 1883767413,
 callvalue == 0,
 ULE(4, calldatasize),
 Not(Extract(255, 224, calldataload(0)) == 618102892),
 Extract(255, 224, calldataload(0)) == 1883767413,
 Or(ULE(36, calldatasize),
    Extract(255, 2, calldatasize) == 0),
 Extract(159, 0, caller) == 0]
output: 6153991365495612155900636027672374423590526649800347271880663691463480803109403913816294060733134321992250056305029703065083882690465907441524573253073635884337765034959692637442076204411687282783307650146726821334308756607117585159734937607332211255237793410295637841860327535259932871721701064550362644480
log: []

376 REVERT
stack:  [Concat(0, Extract(159, 0, calldataload(4))), 203, Concat(0, Extract(255, 224, calldataload(0)))]
memory: [0, 0, 0, 0, 0, 0, 0, 0, 0, 0, 0, 0, Extract(159, 152, caller), Extract(151, 144, caller), Extract(143, 136, caller), Extract(135, 128, caller), Extract(127, 120, caller), Extract(119, 112, caller), Extract(111, 104, caller), Extract(103, 96, caller), Extract(95, 88, caller), Extract(87, 80, caller), Extract(79, 72, caller), Extract(71, 64, caller), Extract(63, 56, caller), Extract(55, 48, caller), Extract(47, 40, caller), Extract(39, 32, caller), Extract(31, 24, caller), Extract(23, 16, caller), Extract(15, 8, caller), Extract(7, 0, caller), 0, 0, 0, 0, 0, 0, 0, 0, 0, 0, 0, 0, 0, 0, 0, 0, 0, 0, 0, 0, 0, 0, 0, 0, 0, 0, 0, 0, 0, 0, 0, 1, 0, 0, 0, 0, 0, 0, 0, 0, 0, 0, 0, 0, 0, 0, 0, 0, 0, 0, 0, 0, 0, 0, 0, 0, 0, 0, 0, 0, 0, 0, 0, 128, 0, 0, 0, 0, 0, 0, 0, 0, 0, 0, 0, 0, 0, 0, 0, 0, 0, 0, 0, 0, 0, 0, 0, 0, 0, 0, 0, 0, 0, 0, 0, 0, 8, 195, 121, 160, 0, 0, 0, 0, 0, 0, 0, 0, 0, 0, 0, 0, 0, 0, 0, 0, 0, 0, 0, 0, 0, 0, 0, 0, 0, 0, 0, 0, 0, 0, 0, 32, 0, 0, 0, 0, 0, 0, 0, 0, 0, 0, 0, 0, 0, 0, 0, 0, 0, 0, 0, 0, 0, 0, 0, 0, 0, 0, 0, 0, 0, 0, 0, 42, 65, 100, 109, 105, 110, 115, 58, 32, 99, 97, 108, 108, 101, 114, 32, 100, 111, 101, 115, 32, 110, 111, 116, 32, 104, 97, 118, 101, 32, 97, 110, 32, 97, 100, 109, 105, 110, 32, 114, 111, 108, 101, 0, 0, 0, 0, 0, 0, 0, 0, 0, 0, 0, 0, 0, 0, 0, 0, 0, 0]
storage: storage
path: [Extract(255, 224, calldataload(0)) == 1883767413,
 callvalue == 0,
 ULE(4, calldatasize),
 Not(Extract(255, 224, calldataload(0)) == 618102892),
 Extract(255, 224, calldataload(0)) == 1883767413,
 Or(ULE(36, calldatasize),
    Extract(255, 2, calldatasize) == 0),
 Not(Extract(159, 0, caller) == 0),
 Extract(7,
         0,
         storage[sha3_512(Concat(0,
                           Extract(159, 0, caller),
                           1))]) ==
 0]
output: 6153991365495612155900636027672374423590526649800347271880663691463480803109403913816294060733134321992250056305029703065083882690465907441524573253073635884337789801120694331474294428275126577281120898421477843187100494069311160151966458385493822261728827949207528002128323119816694523883571453851684831232
log: []

942 REVERT
stack:  [0, Concat(0, Extract(159, 0, calldataload(4))), 1, 1263, Concat(0, Extract(159, 0, calldataload(4))), 1, 999, Concat(0, Extract(159, 0, calldataload(4))), 386, Concat(0, Extract(159, 0, calldataload(4))), 203, Concat(0, Extract(255, 224, calldataload(0)))]
memory: [0, 0, 0, 0, 0, 0, 0, 0, 0, 0, 0, 0, Extract(159, 152, caller), Extract(151, 144, caller), Extract(143, 136, caller), Extract(135, 128, caller), Extract(127, 120, caller), Extract(119, 112, caller), Extract(111, 104, caller), Extract(103, 96, caller), Extract(95, 88, caller), Extract(87, 80, caller), Extract(79, 72, caller), Extract(71, 64, caller), Extract(63, 56, caller), Extract(55, 48, caller), Extract(47, 40, caller), Extract(39, 32, caller), Extract(31, 24, caller), Extract(23, 16, caller), Extract(15, 8, caller), Extract(7, 0, caller), 0, 0, 0, 0, 0, 0, 0, 0, 0, 0, 0, 0, 0, 0, 0, 0, 0, 0, 0, 0, 0, 0, 0, 0, 0, 0, 0, 0, 0, 0, 0, 1, 0, 0, 0, 0, 0, 0, 0, 0, 0, 0, 0, 0, 0, 0, 0, 0, 0, 0, 0, 0, 0, 0, 0, 0, 0, 0, 0, 0, 0, 0, 0, 128, 0, 0, 0, 0, 0, 0, 0, 0, 0, 0, 0, 0, 0, 0, 0, 0, 0, 0, 0, 0, 0, 0, 0, 0, 0, 0, 0, 0, 0, 0, 0, 0, 8, 195, 121, 160, 0, 0, 0, 0, 0, 0, 0, 0, 0, 0, 0, 0, 0, 0, 0, 0, 0, 0, 0, 0, 0, 0, 0, 0, 0, 0, 0, 0, 0, 0, 0, 32, 0, 0, 0, 0, 0, 0, 0, 0, 0, 0, 0, 0, 0, 0, 0, 0, 0, 0, 0, 0, 0, 0, 0, 0, 0, 0, 0, 0, 0, 0, 0, 34, 82, 111, 108, 101, 115, 58, 32, 97, 99, 99, 111, 117, 110, 116, 32, 105, 115, 32, 116, 104, 101, 32, 122, 101, 114, 111, 32, 97, 100, 100, 114, 101, 115, 115, 0, 0, 0, 0, 0, 0, 0, 0, 0, 0, 0, 0, 0, 0, 0, 0, 0, 0, 0, 0, 0, 0, 0, 0, 0, 0]
storage: storage
path: [Extract(255, 224, calldataload(0)) == 1883767413,
 callvalue == 0,
 ULE(4, calldatasize),
 Not(Extract(255, 224, calldataload(0)) == 618102892),
 Extract(255, 224, calldataload(0)) == 1883767413,
 Or(ULE(36, calldatasize),
    Extract(255, 2, calldatasize) == 0),
 Not(Extract(159, 0, caller) == 0),
 Not(Extract(7,
             0,
             storage[sha3_512(Concat(0,
                               Extract(159, 0, caller),
                               1))]) ==
     0),
 Extract(159, 0, calldataload(4)) == 0]
output: 6153991365495612155900636027672374423590526649800347271880663691463480803109403913816294060733134321992250056305029703065083882690465907441524573253073635884337765034959692637442076204411687282783307650146726821334308756607117585159734937607332211255237793410295637841860327535259932871721701064550362644480
log: []

1370 REVERT
stack:  [Concat(0, Extract(159, 0, calldataload(4))), 1, 999, Concat(0, Extract(159, 0, calldataload(4))), 386, Concat(0, Extract(159, 0, calldataload(4))), 203, Concat(0, Extract(255, 224, calldataload(0)))]
memory: [0, 0, 0, 0, 0, 0, 0, 0, 0, 0, 0, 0, Extract(159, 152, calldataload(4)), Extract(151, 144, calldataload(4)), Extract(143, 136, calldataload(4)), Extract(135, 128, calldataload(4)), Extract(127, 120, calldataload(4)), Extract(119, 112, calldataload(4)), Extract(111, 104, calldataload(4)), Extract(103, 96, calldataload(4)), Extract(95, 88, calldataload(4)), Extract(87, 80, calldataload(4)), Extract(79, 72, calldataload(4)), Extract(71, 64, calldataload(4)), Extract(63, 56, calldataload(4)), Extract(55, 48, calldataload(4)), Extract(47, 40, calldataload(4)), Extract(39, 32, calldataload(4)), Extract(31, 24, calldataload(4)), Extract(23, 16, calldataload(4)), Extract(15, 8, calldataload(4)), Extract(7, 0, calldataload(4)), 0, 0, 0, 0, 0, 0, 0, 0, 0, 0, 0, 0, 0, 0, 0, 0, 0, 0, 0, 0, 0, 0, 0, 0, 0, 0, 0, 0, 0, 0, 0, 1, 0, 0, 0, 0, 0, 0, 0, 0, 0, 0, 0, 0, 0, 0, 0, 0, 0, 0, 0, 0, 0, 0, 0, 0, 0, 0, 0, 0, 0, 0, 0, 128, 0, 0, 0, 0, 0, 0, 0, 0, 0, 0, 0, 0, 0, 0, 0, 0, 0, 0, 0, 0, 0, 0, 0, 0, 0, 0, 0, 0, 0, 0, 0, 0, 8, 195, 121, 160, 0, 0, 0, 0, 0, 0, 0, 0, 0, 0, 0, 0, 0, 0, 0, 0, 0, 0, 0, 0, 0, 0, 0, 0, 0, 0, 0, 0, 0, 0, 0, 32, 0, 0, 0, 0, 0, 0, 0, 0, 0, 0, 0, 0, 0, 0, 0, 0, 0, 0, 0, 0, 0, 0, 0, 0, 0, 0, 0, 0, 0, 0, 0, 31, 82, 111, 108, 101, 115, 58, 32, 97, 99, 99, 111, 117, 110, 116, 32, 97, 108, 114, 101, 97, 100, 121, 32, 104, 97, 115, 32, 114, 111, 108, 101, 0, 0, 0, 0, 0, 0, 0, 0, 0, 0, 0, 0, 0, 0, 0, 0, 0, 0, 0, 0, 0, 0, 0, 0, 0, 0, 0, 0, 0]
storage: storage
path: [Extract(255, 224, calldataload(0)) == 1883767413,
 callvalue == 0,
 ULE(4, calldatasize),
 Not(Extract(255, 224, calldataload(0)) == 618102892),
 Extract(255, 224, calldataload(0)) == 1883767413,
 Or(ULE(36, calldatasize),
    Extract(255, 2, calldatasize) == 0),
 Not(Extract(159, 0, caller) == 0),
 Not(Extract(7,
             0,
             storage[sha3_512(Concat(0,
                               Extract(159, 0, caller),
                               1))]) ==
     0),
 Not(Extract(159, 0, calldataload(4)) == 0),
 Not(Extract(7,
             0,
             storage[sha3_512(Concat(0,
                               Extract(159,
                                       0,
                                       calldataload(4)),
                               1))]) ==
     0)]
output: 228264226241736076789315253437788395295290655968864242154051220442876821475138452412609791604325387667538211856168962205768445946871806458521150950280164845310867190824052377976143837702833533262285698591976872902116800170399397105657210112
log: []

204 STOP
stack:  [Concat(0, Extract(255, 224, calldataload(0)))]
memory: [0, 0, 0, 0, 0, 0, 0, 0, 0, 0, 0, 0, Extract(159, 152, calldataload(4)), Extract(151, 144, calldataload(4)), Extract(143, 136, calldataload(4)), Extract(135, 128, calldataload(4)), Extract(127, 120, calldataload(4)), Extract(119, 112, calldataload(4)), Extract(111, 104, calldataload(4)), Extract(103, 96, calldataload(4)), Extract(95, 88, calldataload(4)), Extract(87, 80, calldataload(4)), Extract(79, 72, calldataload(4)), Extract(71, 64, calldataload(4)), Extract(63, 56, calldataload(4)), Extract(55, 48, calldataload(4)), Extract(47, 40, calldataload(4)), Extract(39, 32, calldataload(4)), Extract(31, 24, calldataload(4)), Extract(23, 16, calldataload(4)), Extract(15, 8, calldataload(4)), Extract(7, 0, calldataload(4)), 0, 0, 0, 0, 0, 0, 0, 0, 0, 0, 0, 0, 0, 0, 0, 0, 0, 0, 0, 0, 0, 0, 0, 0, 0, 0, 0, 0, 0, 0, 0, 1, 0, 0, 0, 0, 0, 0, 0, 0, 0, 0, 0, 0, 0, 0, 0, 0, 0, 0, 0, 0, 0, 0, 0, 0, 0, 0, 0, 0, 0, 0, 0, 128, 0, 0, 0, 0, 0, 0, 0, 0, 0, 0, 0, 0, 0, 0, 0, 0, 0, 0, 0, 0, 0, 0, 0, 0, 0, 0, 0, 0, 0, 0, 0, 0, 0, 0, 0, 0, 0, 0, 0, 0, 0, 0, 0, 0, Extract(159, 152, calldataload(4)), Extract(151, 144, calldataload(4)), Extract(143, 136, calldataload(4)), Extract(135, 128, calldataload(4)), Extract(127, 120, calldataload(4)), Extract(119, 112, calldataload(4)), Extract(111, 104, calldataload(4)), Extract(103, 96, calldataload(4)), Extract(95, 88, calldataload(4)), Extract(87, 80, calldataload(4)), Extract(79, 72, calldataload(4)), Extract(71, 64, calldataload(4)), Extract(63, 56, calldataload(4)), Extract(55, 48, calldataload(4)), Extract(47, 40, calldataload(4)), Extract(39, 32, calldataload(4)), Extract(31, 24, calldataload(4)), Extract(23, 16, calldataload(4)), Extract(15, 8, calldataload(4)), Extract(7, 0, calldataload(4))]
storage: Store(storage,
      sha3_512(Concat(0,
                      Extract(159, 0, calldataload(4)),
                      1)),
      Concat(Extract(255,
                     8,
                     storage[sha3_512(Concat(0,
                                       Extract(159,
                                        0,
                                        calldataload(4)),
                                       1))]),
             1))
path: [Extract(255, 224, calldataload(0)) == 1883767413,
 callvalue == 0,
 ULE(4, calldatasize),
 Not(Extract(255, 224, calldataload(0)) == 618102892),
 Extract(255, 224, calldataload(0)) == 1883767413,
 Or(ULE(36, calldatasize),
    Extract(255, 2, calldatasize) == 0),
 Not(Extract(159, 0, caller) == 0),
 Not(Extract(7,
             0,
             storage[sha3_512(Concat(0,
                               Extract(159, 0, caller),
                               1))]) ==
     0),
 Not(Extract(159, 0, calldataload(4)) == 0),
 Extract(7,
         0,
         storage[sha3_512(Concat(0,
                           Extract(159, 0, calldataload(4)),
                           1))]) ==
 0]
output: None
log: [([31136830752217658933442525823862975820525304054008823473455632624563904832313], Concat(0, Extract(159, 0, calldataload(4))))]

80 REVERT
stack:  []
memory: [0, 0, 0, 0, 0, 0, 0, 0, 0, 0, 0, 0, 0, 0, 0, 0, 0, 0, 0, 0, 0, 0, 0, 0, 0, 0, 0, 0, 0, 0, 0, 0, 0, 0, 0, 0, 0, 0, 0, 0, 0, 0, 0, 0, 0, 0, 0, 0, 0, 0, 0, 0, 0, 0, 0, 0, 0, 0, 0, 0, 0, 0, 0, 0, 0, 0, 0, 0, 0, 0, 0, 0, 0, 0, 0, 0, 0, 0, 0, 0, 0, 0, 0, 0, 0, 0, 0, 0, 0, 0, 0, 0, 0, 0, 0, 128]
storage: storage
path: [Extract(255, 224, calldataload(0)) == 1883767413,
 callvalue == 0,
 Not(ULE(4, calldatasize))]
output: None
log: []

